# JRE version: OpenJDK Runtime Environment (17.0.10) (build 17.0.10+0--11609105)
# Java VM: OpenJDK 64-Bit Server VM (17.0.10+0--11609105, mixed mode, tiered, compressed oops, compressed class ptrs, g1 gc, windows-amd64)
GC Precious Log:
 CPUs: 12 total, 12 available
 Memory: 5989M
 Large Page Support: Disabled
 NUMA Support: Disabled
 Compressed Oops: Enabled (32-bit)
 Heap Region Size: 1M
 Heap Min Capacity: 8M
 Heap Initial Capacity: 94M
 Heap Max Capacity: 2G
 Pre-touch: Disabled
 Parallel Workers: 10
 Concurrent Workers: 3
 Concurrent Refinement Workers: 10
 Periodic GC: Disabled
Heap:
 garbage-first heap   total 240640K, used 194252K [0x0000000080000000, 0x0000000100000000)
  region size 1024K, 63 young (64512K), 2 survivors (2048K)
 Metaspace       used 131594K, committed 132544K, reserved 1179648K
  class space    used 18418K, committed 18880K, reserved 1048576K
GC Heap History (20 events):
Event: 28.262 GC heap before
{Heap before GC invocations=62 (full 0):
 garbage-first heap   total 189440K, used 155123K [0x0000000080000000, 0x0000000100000000)
  region size 1024K, 43 young (44032K), 2 survivors (2048K)
 Metaspace       used 108838K, committed 109632K, reserved 1179648K
  class space    used 14897K, committed 15296K, reserved 1048576K
}
Event: 28.267 GC heap after
{Heap after GC invocations=63 (full 0):
 garbage-first heap   total 189440K, used 117310K [0x0000000080000000, 0x0000000100000000)
  region size 1024K, 5 young (5120K), 5 survivors (5120K)
 Metaspace       used 108838K, committed 109632K, reserved 1179648K
  class space    used 14897K, committed 15296K, reserved 1048576K
}
Event: 28.567 GC heap before
{Heap before GC invocations=63 (full 0):
 garbage-first heap   total 189440K, used 156222K [0x0000000080000000, 0x0000000100000000)
  region size 1024K, 44 young (45056K), 5 survivors (5120K)
 Metaspace       used 109070K, committed 109888K, reserved 1179648K
  class space    used 14928K, committed 15296K, reserved 1048576K
}
Event: 28.576 GC heap after
{Heap after GC invocations=64 (full 0):
 garbage-first heap   total 189440K, used 118693K [0x0000000080000000, 0x0000000100000000)
  region size 1024K, 4 young (4096K), 4 survivors (4096K)
 Metaspace       used 109070K, committed 109888K, reserved 1179648K
  class space    used 14928K, committed 15296K, reserved 1048576K
}
Event: 33.544 GC heap before
{Heap before GC invocations=64 (full 0):
 garbage-first heap   total 189440K, used 156581K [0x0000000080000000, 0x0000000100000000)
  region size 1024K, 42 young (43008K), 4 survivors (4096K)
 Metaspace       used 110042K, committed 110848K, reserved 1179648K
  class space    used 15051K, committed 15424K, reserved 1048576K
}
Event: 33.552 GC heap after
{Heap after GC invocations=65 (full 0):
 garbage-first heap   total 189440K, used 123016K [0x0000000080000000, 0x0000000100000000)
  region size 1024K, 6 young (6144K), 6 survivors (6144K)
 Metaspace       used 110042K, committed 110848K, reserved 1179648K
  class space    used 15051K, committed 15424K, reserved 1048576K
}
Event: 34.117 GC heap before
{Heap before GC invocations=66 (full 0):
 garbage-first heap   total 211968K, used 153736K [0x0000000080000000, 0x0000000100000000)
  region size 1024K, 37 young (37888K), 6 survivors (6144K)
 Metaspace       used 110382K, committed 111168K, reserved 1179648K
  class space    used 15084K, committed 15488K, reserved 1048576K
}
Event: 34.122 GC heap after
{Heap after GC invocations=67 (full 0):
 garbage-first heap   total 211968K, used 123584K [0x0000000080000000, 0x0000000100000000)
  region size 1024K, 3 young (3072K), 3 survivors (3072K)
 Metaspace       used 110382K, committed 111168K, reserved 1179648K
  class space    used 15084K, committed 15488K, reserved 1048576K
}
Event: 34.211 GC heap before
{Heap before GC invocations=67 (full 0):
 garbage-first heap   total 211968K, used 129728K [0x0000000080000000, 0x0000000100000000)
  region size 1024K, 10 young (10240K), 3 survivors (3072K)
 Metaspace       used 110398K, committed 111232K, reserved 1179648K
  class space    used 15086K, committed 15488K, reserved 1048576K
}
Event: 34.217 GC heap after
{Heap after GC invocations=68 (full 0):
 garbage-first heap   total 211968K, used 122789K [0x0000000080000000, 0x0000000100000000)
  region size 1024K, 2 young (2048K), 2 survivors (2048K)
 Metaspace       used 110398K, committed 111232K, reserved 1179648K
  class space    used 15086K, committed 15488K, reserved 1048576K
}
Event: 35.386 GC heap before
{Heap before GC invocations=68 (full 0):
 garbage-first heap   total 211968K, used 172965K [0x0000000080000000, 0x0000000100000000)
  region size 1024K, 52 young (53248K), 2 survivors (2048K)
 Metaspace       used 113324K, committed 114048K, reserved 1179648K
  class space    used 15446K, committed 15808K, reserved 1048576K
}
Event: 35.391 GC heap after
{Heap after GC invocations=69 (full 0):
 garbage-first heap   total 211968K, used 126968K [0x0000000080000000, 0x0000000100000000)
  region size 1024K, 6 young (6144K), 6 survivors (6144K)
 Metaspace       used 113324K, committed 114048K, reserved 1179648K
  class space    used 15446K, committed 15808K, reserved 1048576K
}
Event: 73.595 GC heap before
{Heap before GC invocations=69 (full 0):
 garbage-first heap   total 211968K, used 174072K [0x0000000080000000, 0x0000000100000000)
  region size 1024K, 53 young (54272K), 6 survivors (6144K)
 Metaspace       used 115781K, committed 116672K, reserved 1179648K
  class space    used 15828K, committed 16256K, reserved 1048576K
}
Event: 73.687 GC heap after
{Heap after GC invocations=70 (full 0):
 garbage-first heap   total 211968K, used 131883K [0x0000000080000000, 0x0000000100000000)
  region size 1024K, 5 young (5120K), 5 survivors (5120K)
 Metaspace       used 115781K, committed 116672K, reserved 1179648K
  class space    used 15828K, committed 16256K, reserved 1048576K
}
Event: 76.178 GC heap before
{Heap before GC invocations=70 (full 0):
 garbage-first heap   total 211968K, used 174891K [0x0000000080000000, 0x0000000100000000)
  region size 1024K, 48 young (49152K), 5 survivors (5120K)
 Metaspace       used 118479K, committed 119296K, reserved 1179648K
  class space    used 16226K, committed 16640K, reserved 1048576K
}
Event: 76.249 GC heap after
{Heap after GC invocations=71 (full 0):
 garbage-first heap   total 211968K, used 134926K [0x0000000080000000, 0x0000000100000000)
  region size 1024K, 4 young (4096K), 4 survivors (4096K)
 Metaspace       used 118479K, committed 119296K, reserved 1179648K
  class space    used 16226K, committed 16640K, reserved 1048576K
}
Event: 77.787 GC heap before
{Heap before GC invocations=72 (full 0):
 garbage-first heap   total 240640K, used 173838K [0x0000000080000000, 0x0000000100000000)
  region size 1024K, 43 young (44032K), 4 survivors (4096K)
 Metaspace       used 123469K, committed 124288K, reserved 1179648K
  class space    used 16999K, committed 17408K, reserved 1048576K
}
Event: 77.808 GC heap after
{Heap after GC invocations=73 (full 0):
 garbage-first heap   total 240640K, used 135638K [0x0000000080000000, 0x0000000100000000)
  region size 1024K, 4 young (4096K), 4 survivors (4096K)
 Metaspace       used 123469K, committed 124288K, reserved 1179648K
  class space    used 16999K, committed 17408K, reserved 1048576K
}
Event: 77.965 GC heap before
{Heap before GC invocations=73 (full 0):
 garbage-first heap   total 240640K, used 141782K [0x0000000080000000, 0x0000000100000000)
  region size 1024K, 11 young (11264K), 4 survivors (4096K)
 Metaspace       used 124434K, committed 125312K, reserved 1179648K
  class space    used 17146K, committed 17600K, reserved 1048576K
}
Event: 77.979 GC heap after
{Heap after GC invocations=74 (full 0):
 garbage-first heap   total 240640K, used 133836K [0x0000000080000000, 0x0000000100000000)
  region size 1024K, 2 young (2048K), 2 survivors (2048K)
 Metaspace       used 124434K, committed 125312K, reserved 1179648K
  class space    used 17146K, committed 17600K, reserved 1048576K
}

