# JRE version: OpenJDK Runtime Environment (17.0.10) (build 17.0.10+0--11609105)
# Java VM: OpenJDK 64-Bit Server VM (17.0.10+0--11609105, mixed mode, tiered, compressed oops, compressed class ptrs, g1 gc, windows-amd64)
GC Precious Log:
 CPUs: 8 total, 8 available
 Memory: 8062M
 Large Page Support: Disabled
 NUMA Support: Disabled
 Compressed Oops: Enabled (32-bit)
 Heap Region Size: 1M
 Heap Min Capacity: 8M
 Heap Initial Capacity: 126M
 Heap Max Capacity: 2G
 Pre-touch: Disabled
 Parallel Workers: 8
 Concurrent Workers: 2
 Concurrent Refinement Workers: 8
 Periodic GC: Disabled
Heap:
 garbage-first heap   total 68608K, used 30308K [0x0000000080000000, 0x0000000100000000)
  region size 1024K, 4 young (4096K), 3 survivors (3072K)
 Metaspace       used 44800K, committed 45184K, reserved 1114112K
  class space    used 6037K, committed 6208K, reserved 1048576K
GC Heap History (18 events):
Event: 1.189 GC heap before
{Heap before GC invocations=0 (full 0):
 garbage-first heap   total 129024K, used 26624K [0x0000000080000000, 0x0000000100000000)
  region size 1024K, 23 young (23552K), 0 survivors (0K)
 Metaspace       used 10432K, committed 10560K, reserved 1114112K
  class space    used 1079K, committed 1152K, reserved 1048576K
}
Event: 1.198 GC heap after
{Heap after GC invocations=1 (full 0):
 garbage-first heap   total 129024K, used 10347K [0x0000000080000000, 0x0000000100000000)
  region size 1024K, 3 young (3072K), 3 survivors (3072K)
 Metaspace       used 10432K, committed 10560K, reserved 1114112K
  class space    used 1079K, committed 1152K, reserved 1048576K
}
Event: 2.085 GC heap before
{Heap before GC invocations=1 (full 0):
 garbage-first heap   total 129024K, used 39019K [0x0000000080000000, 0x0000000100000000)
  region size 1024K, 31 young (31744K), 3 survivors (3072K)
 Metaspace       used 11461K, committed 11648K, reserved 1114112K
  class space    used 1198K, committed 1280K, reserved 1048576K
}
Event: 2.092 GC heap after
{Heap after GC invocations=2 (full 0):
 garbage-first heap   total 129024K, used 11591K [0x0000000080000000, 0x0000000100000000)
  region size 1024K, 1 young (1024K), 1 survivors (1024K)
 Metaspace       used 11461K, committed 11648K, reserved 1114112K
  class space    used 1198K, committed 1280K, reserved 1048576K
}
Event: 4.996 GC heap before
{Heap before GC invocations=2 (full 0):
 garbage-first heap   total 129024K, used 62791K [0x0000000080000000, 0x0000000100000000)
  region size 1024K, 51 young (52224K), 1 survivors (1024K)
 Metaspace       used 21327K, committed 21504K, reserved 1114112K
  class space    used 2530K, committed 2624K, reserved 1048576K
}
Event: 5.011 GC heap after
{Heap after GC invocations=3 (full 0):
 garbage-first heap   total 129024K, used 18791K [0x0000000080000000, 0x0000000100000000)
  region size 1024K, 8 young (8192K), 8 survivors (8192K)
 Metaspace       used 21327K, committed 21504K, reserved 1114112K
  class space    used 2530K, committed 2624K, reserved 1048576K
}
Event: 6.458 GC heap before
{Heap before GC invocations=4 (full 0):
 garbage-first heap   total 68608K, used 51559K [0x0000000080000000, 0x0000000100000000)
  region size 1024K, 40 young (40960K), 8 survivors (8192K)
 Metaspace       used 26308K, committed 26624K, reserved 1114112K
  class space    used 3389K, committed 3584K, reserved 1048576K
}
Event: 6.468 GC heap after
{Heap after GC invocations=5 (full 0):
 garbage-first heap   total 68608K, used 20522K [0x0000000080000000, 0x0000000100000000)
  region size 1024K, 2 young (2048K), 2 survivors (2048K)
 Metaspace       used 26308K, committed 26624K, reserved 1114112K
  class space    used 3389K, committed 3584K, reserved 1048576K
}
Event: 8.073 GC heap before
{Heap before GC invocations=5 (full 0):
 garbage-first heap   total 68608K, used 47146K [0x0000000080000000, 0x0000000100000000)
  region size 1024K, 29 young (29696K), 2 survivors (2048K)
 Metaspace       used 29919K, committed 30272K, reserved 1114112K
  class space    used 3988K, committed 4160K, reserved 1048576K
}
Event: 8.080 GC heap after
{Heap after GC invocations=6 (full 0):
 garbage-first heap   total 68608K, used 21916K [0x0000000080000000, 0x0000000100000000)
  region size 1024K, 4 young (4096K), 4 survivors (4096K)
 Metaspace       used 29919K, committed 30272K, reserved 1114112K
  class space    used 3988K, committed 4160K, reserved 1048576K
}
Event: 9.406 GC heap before
{Heap before GC invocations=6 (full 0):
 garbage-first heap   total 68608K, used 48540K [0x0000000080000000, 0x0000000100000000)
  region size 1024K, 31 young (31744K), 4 survivors (4096K)
 Metaspace       used 33313K, committed 33728K, reserved 1114112K
  class space    used 4551K, committed 4736K, reserved 1048576K
}
Event: 9.415 GC heap after
{Heap after GC invocations=7 (full 0):
 garbage-first heap   total 68608K, used 23122K [0x0000000080000000, 0x0000000100000000)
  region size 1024K, 3 young (3072K), 3 survivors (3072K)
 Metaspace       used 33313K, committed 33728K, reserved 1114112K
  class space    used 4551K, committed 4736K, reserved 1048576K
}
Event: 10.145 GC heap before
{Heap before GC invocations=7 (full 0):
 garbage-first heap   total 68608K, used 36434K [0x0000000080000000, 0x0000000100000000)
  region size 1024K, 18 young (18432K), 3 survivors (3072K)
 Metaspace       used 35656K, committed 35968K, reserved 1114112K
  class space    used 4884K, committed 5056K, reserved 1048576K
}
Event: 10.153 GC heap after
{Heap after GC invocations=8 (full 0):
 garbage-first heap   total 68608K, used 23722K [0x0000000080000000, 0x0000000100000000)
  region size 1024K, 2 young (2048K), 2 survivors (2048K)
 Metaspace       used 35656K, committed 35968K, reserved 1114112K
  class space    used 4884K, committed 5056K, reserved 1048576K
}
Event: 11.649 GC heap before
{Heap before GC invocations=9 (full 0):
 garbage-first heap   total 68608K, used 51370K [0x0000000080000000, 0x0000000100000000)
  region size 1024K, 30 young (30720K), 2 survivors (2048K)
 Metaspace       used 41247K, committed 41600K, reserved 1114112K
  class space    used 5468K, committed 5632K, reserved 1048576K
}
Event: 11.658 GC heap after
{Heap after GC invocations=10 (full 0):
 garbage-first heap   total 68608K, used 27490K [0x0000000080000000, 0x0000000100000000)
  region size 1024K, 4 young (4096K), 4 survivors (4096K)
 Metaspace       used 41247K, committed 41600K, reserved 1114112K
  class space    used 5468K, committed 5632K, reserved 1048576K
}
Event: 12.430 GC heap before
{Heap before GC invocations=10 (full 0):
 garbage-first heap   total 68608K, used 52066K [0x0000000080000000, 0x0000000100000000)
  region size 1024K, 28 young (28672K), 4 survivors (4096K)
 Metaspace       used 42328K, committed 42752K, reserved 1114112K
  class space    used 5642K, committed 5824K, reserved 1048576K
}
Event: 12.436 GC heap after
{Heap after GC invocations=11 (full 0):
 garbage-first heap   total 68608K, used 28877K [0x0000000080000000, 0x0000000100000000)
  region size 1024K, 2 young (2048K), 2 survivors (2048K)
 Metaspace       used 42328K, committed 42752K, reserved 1114112K
  class space    used 5642K, committed 5824K, reserved 1048576K
}

