# JRE version: OpenJDK Runtime Environment (17.0.10) (build 17.0.10+0--11609105)
# Java VM: OpenJDK 64-Bit Server VM (17.0.10+0--11609105, mixed mode, tiered, compressed oops, compressed class ptrs, g1 gc, windows-amd64)
GC Precious Log:
 CPUs: 8 total, 8 available
 Memory: 8062M
 Large Page Support: Disabled
 NUMA Support: Disabled
 Compressed Oops: Enabled (32-bit)
 Heap Region Size: 1M
 Heap Min Capacity: 8M
 Heap Initial Capacity: 126M
 Heap Max Capacity: 2G
 Pre-touch: Disabled
 Parallel Workers: 8
 Concurrent Workers: 2
 Concurrent Refinement Workers: 8
 Periodic GC: Disabled
Heap:
 garbage-first heap   total 191488K, used 132094K [0x0000000080000000, 0x0000000100000000)
  region size 1024K, 41 young (41984K), 6 survivors (6144K)
 Metaspace       used 100650K, committed 101376K, reserved 1179648K
  class space    used 13983K, committed 14336K, reserved 1048576K
GC Heap History (20 events):
Event: 42.674 GC heap before
{Heap before GC invocations=31 (full 0):
 garbage-first heap   total 116736K, used 73945K [0x0000000080000000, 0x0000000100000000)
  region size 1024K, 8 young (8192K), 1 survivors (1024K)
 Metaspace       used 65509K, committed 66048K, reserved 1114112K
  class space    used 8895K, committed 9152K, reserved 1048576K
}
Event: 42.676 GC heap after
{Heap after GC invocations=32 (full 0):
 garbage-first heap   total 116736K, used 68255K [0x0000000080000000, 0x0000000100000000)
  region size 1024K, 1 young (1024K), 1 survivors (1024K)
 Metaspace       used 65509K, committed 66048K, reserved 1114112K
  class space    used 8895K, committed 9152K, reserved 1048576K
}
Event: 43.044 GC heap before
{Heap before GC invocations=32 (full 0):
 garbage-first heap   total 116736K, used 71327K [0x0000000080000000, 0x0000000100000000)
  region size 1024K, 5 young (5120K), 1 survivors (1024K)
 Metaspace       used 65800K, committed 66304K, reserved 1114112K
  class space    used 8934K, committed 9216K, reserved 1048576K
}
Event: 43.052 GC heap after
{Heap after GC invocations=33 (full 0):
 garbage-first heap   total 116736K, used 67407K [0x0000000080000000, 0x0000000100000000)
  region size 1024K, 1 young (1024K), 1 survivors (1024K)
 Metaspace       used 65800K, committed 66304K, reserved 1114112K
  class space    used 8934K, committed 9216K, reserved 1048576K
}
Event: 46.052 GC heap before
{Heap before GC invocations=33 (full 0):
 garbage-first heap   total 116736K, used 90959K [0x0000000080000000, 0x0000000100000000)
  region size 1024K, 24 young (24576K), 1 survivors (1024K)
 Metaspace       used 67785K, committed 68352K, reserved 1114112K
  class space    used 9195K, committed 9472K, reserved 1048576K
}
Event: 46.058 GC heap after
{Heap after GC invocations=34 (full 0):
 garbage-first heap   total 191488K, used 67936K [0x0000000080000000, 0x0000000100000000)
  region size 1024K, 1 young (1024K), 1 survivors (1024K)
 Metaspace       used 67785K, committed 68352K, reserved 1114112K
  class space    used 9195K, committed 9472K, reserved 1048576K
}
Event: 50.258 GC heap before
{Heap before GC invocations=35 (full 0):
 garbage-first heap   total 191488K, used 143712K [0x0000000080000000, 0x0000000100000000)
  region size 1024K, 70 young (71680K), 1 survivors (1024K)
 Metaspace       used 73496K, committed 74112K, reserved 1114112K
  class space    used 9971K, committed 10240K, reserved 1048576K
}
Event: 50.268 GC heap after
{Heap after GC invocations=36 (full 0):
 garbage-first heap   total 191488K, used 73758K [0x0000000080000000, 0x0000000100000000)
  region size 1024K, 6 young (6144K), 6 survivors (6144K)
 Metaspace       used 73496K, committed 74112K, reserved 1114112K
  class space    used 9971K, committed 10240K, reserved 1048576K
}
Event: 50.598 GC heap before
{Heap before GC invocations=36 (full 0):
 garbage-first heap   total 191488K, used 76830K [0x0000000080000000, 0x0000000100000000)
  region size 1024K, 9 young (9216K), 6 survivors (6144K)
 Metaspace       used 73764K, committed 74432K, reserved 1114112K
  class space    used 9997K, committed 10304K, reserved 1048576K
}
Event: 50.663 GC heap after
{Heap after GC invocations=37 (full 0):
 garbage-first heap   total 191488K, used 74032K [0x0000000080000000, 0x0000000100000000)
  region size 1024K, 1 young (1024K), 1 survivors (1024K)
 Metaspace       used 73764K, committed 74432K, reserved 1114112K
  class space    used 9997K, committed 10304K, reserved 1048576K
}
Event: 54.743 GC heap before
{Heap before GC invocations=37 (full 0):
 garbage-first heap   total 191488K, used 150832K [0x0000000080000000, 0x0000000100000000)
  region size 1024K, 73 young (74752K), 1 survivors (1024K)
 Metaspace       used 79848K, committed 80512K, reserved 1179648K
  class space    used 10810K, committed 11136K, reserved 1048576K
}
Event: 54.751 GC heap after
{Heap after GC invocations=38 (full 0):
 garbage-first heap   total 191488K, used 82162K [0x0000000080000000, 0x0000000100000000)
  region size 1024K, 5 young (5120K), 5 survivors (5120K)
 Metaspace       used 79848K, committed 80512K, reserved 1179648K
  class space    used 10810K, committed 11136K, reserved 1048576K
}
Event: 58.632 GC heap before
{Heap before GC invocations=38 (full 0):
 garbage-first heap   total 191488K, used 150770K [0x0000000080000000, 0x0000000100000000)
  region size 1024K, 72 young (73728K), 5 survivors (5120K)
 Metaspace       used 86004K, committed 86592K, reserved 1179648K
  class space    used 11655K, committed 11904K, reserved 1048576K
}
Event: 58.643 GC heap after
{Heap after GC invocations=39 (full 0):
 garbage-first heap   total 191488K, used 86162K [0x0000000080000000, 0x0000000100000000)
  region size 1024K, 9 young (9216K), 9 survivors (9216K)
 Metaspace       used 86004K, committed 86592K, reserved 1179648K
  class space    used 11655K, committed 11904K, reserved 1048576K
}
Event: 62.235 GC heap before
{Heap before GC invocations=39 (full 0):
 garbage-first heap   total 191488K, used 153746K [0x0000000080000000, 0x0000000100000000)
  region size 1024K, 74 young (75776K), 9 survivors (9216K)
 Metaspace       used 89092K, committed 89728K, reserved 1179648K
  class space    used 12073K, committed 12352K, reserved 1048576K
}
Event: 62.274 GC heap after
{Heap after GC invocations=40 (full 0):
 garbage-first heap   total 191488K, used 91033K [0x0000000080000000, 0x0000000100000000)
  region size 1024K, 9 young (9216K), 9 survivors (9216K)
 Metaspace       used 89092K, committed 89728K, reserved 1179648K
  class space    used 12073K, committed 12352K, reserved 1048576K
}
Event: 65.836 GC heap before
{Heap before GC invocations=40 (full 0):
 garbage-first heap   total 191488K, used 153497K [0x0000000080000000, 0x0000000100000000)
  region size 1024K, 70 young (71680K), 9 survivors (9216K)
 Metaspace       used 93651K, committed 94336K, reserved 1179648K
  class space    used 12917K, committed 13248K, reserved 1048576K
}
Event: 65.860 GC heap after
{Heap after GC invocations=41 (full 0):
 garbage-first heap   total 191488K, used 93981K [0x0000000080000000, 0x0000000100000000)
  region size 1024K, 8 young (8192K), 8 survivors (8192K)
 Metaspace       used 93651K, committed 94336K, reserved 1179648K
  class space    used 12917K, committed 13248K, reserved 1048576K
}
Event: 73.490 GC heap before
{Heap before GC invocations=41 (full 0):
 garbage-first heap   total 191488K, used 155421K [0x0000000080000000, 0x0000000100000000)
  region size 1024K, 68 young (69632K), 8 survivors (8192K)
 Metaspace       used 97911K, committed 98624K, reserved 1179648K
  class space    used 13542K, committed 13888K, reserved 1048576K
}
Event: 73.521 GC heap after
{Heap after GC invocations=42 (full 0):
 garbage-first heap   total 191488K, used 97278K [0x0000000080000000, 0x0000000100000000)
  region size 1024K, 6 young (6144K), 6 survivors (6144K)
 Metaspace       used 97911K, committed 98624K, reserved 1179648K
  class space    used 13542K, committed 13888K, reserved 1048576K
}

