# JRE version: OpenJDK Runtime Environment (17.0.10) (build 17.0.10+0--11609105)
# Java VM: OpenJDK 64-Bit Server VM (17.0.10+0--11609105, mixed mode, tiered, compressed oops, compressed class ptrs, g1 gc, windows-amd64)
GC Precious Log:
 CPUs: 12 total, 12 available
 Memory: 5989M
 Large Page Support: Disabled
 NUMA Support: Disabled
 Compressed Oops: Enabled (32-bit)
 Heap Region Size: 1M
 Heap Min Capacity: 8M
 Heap Initial Capacity: 94M
 Heap Max Capacity: 2G
 Pre-touch: Disabled
 Parallel Workers: 10
 Concurrent Workers: 3
 Concurrent Refinement Workers: 10
 Periodic GC: Disabled
Heap:
 garbage-first heap   total 435200K, used 171505K [0x0000000080000000, 0x0000000100000000)
  region size 1024K, 2 young (2048K), 2 survivors (2048K)
 Metaspace       used 175012K, committed 176320K, reserved 1245184K
  class space    used 24131K, committed 24768K, reserved 1048576K
GC Heap History (20 events):
Event: 862.221 GC heap after
{Heap after GC invocations=74 (full 0):
 garbage-first heap   total 435200K, used 159098K [0x0000000080000000, 0x0000000100000000)
  region size 1024K, 3 young (3072K), 3 survivors (3072K)
 Metaspace       used 172348K, committed 173504K, reserved 1245184K
  class space    used 24035K, committed 24640K, reserved 1048576K
}
Event: 879.517 GC heap before
{Heap before GC invocations=74 (full 0):
 garbage-first heap   total 435200K, used 353658K [0x0000000080000000, 0x0000000100000000)
  region size 1024K, 194 young (198656K), 3 survivors (3072K)
 Metaspace       used 173127K, committed 174272K, reserved 1245184K
  class space    used 24057K, committed 24640K, reserved 1048576K
}
Event: 879.838 GC heap after
{Heap after GC invocations=75 (full 0):
 garbage-first heap   total 435200K, used 173637K [0x0000000080000000, 0x0000000100000000)
  region size 1024K, 18 young (18432K), 18 survivors (18432K)
 Metaspace       used 173127K, committed 174272K, reserved 1245184K
  class space    used 24057K, committed 24640K, reserved 1048576K
}
Event: 1150.981 GC heap before
{Heap before GC invocations=76 (full 0):
 garbage-first heap   total 435200K, used 289349K [0x0000000080000000, 0x0000000100000000)
  region size 1024K, 96 young (98304K), 18 survivors (18432K)
 Metaspace       used 173366K, committed 174528K, reserved 1245184K
  class space    used 24061K, committed 24640K, reserved 1048576K
}
Event: 1151.237 GC heap after
{Heap after GC invocations=77 (full 0):
 garbage-first heap   total 435200K, used 172247K [0x0000000080000000, 0x0000000100000000)
  region size 1024K, 6 young (6144K), 6 survivors (6144K)
 Metaspace       used 173366K, committed 174528K, reserved 1245184K
  class space    used 24061K, committed 24640K, reserved 1048576K
}
Event: 1152.475 GC heap before
{Heap before GC invocations=77 (full 0):
 garbage-first heap   total 435200K, used 186583K [0x0000000080000000, 0x0000000100000000)
  region size 1024K, 21 young (21504K), 6 survivors (6144K)
 Metaspace       used 173432K, committed 174592K, reserved 1245184K
  class space    used 24064K, committed 24640K, reserved 1048576K
}
Event: 1152.587 GC heap after
{Heap after GC invocations=78 (full 0):
 garbage-first heap   total 435200K, used 168026K [0x0000000080000000, 0x0000000100000000)
  region size 1024K, 3 young (3072K), 3 survivors (3072K)
 Metaspace       used 173432K, committed 174592K, reserved 1245184K
  class space    used 24064K, committed 24640K, reserved 1048576K
}
Event: 1164.260 GC heap before
{Heap before GC invocations=78 (full 0):
 garbage-first heap   total 435200K, used 289882K [0x0000000080000000, 0x0000000100000000)
  region size 1024K, 124 young (126976K), 3 survivors (3072K)
 Metaspace       used 173919K, committed 175104K, reserved 1245184K
  class space    used 24107K, committed 24704K, reserved 1048576K
}
Event: 1164.386 GC heap after
{Heap after GC invocations=79 (full 0):
 garbage-first heap   total 435200K, used 175759K [0x0000000080000000, 0x0000000100000000)
  region size 1024K, 10 young (10240K), 10 survivors (10240K)
 Metaspace       used 173919K, committed 175104K, reserved 1245184K
  class space    used 24107K, committed 24704K, reserved 1048576K
}
Event: 1366.503 GC heap before
{Heap before GC invocations=80 (full 0):
 garbage-first heap   total 435200K, used 390799K [0x0000000080000000, 0x0000000100000000)
  region size 1024K, 186 young (190464K), 10 survivors (10240K)
 Metaspace       used 174360K, committed 175616K, reserved 1245184K
  class space    used 24110K, committed 24704K, reserved 1048576K
}
Event: 1366.672 GC heap after
{Heap after GC invocations=81 (full 0):
 garbage-first heap   total 435200K, used 188525K [0x0000000080000000, 0x0000000100000000)
  region size 1024K, 24 young (24576K), 24 survivors (24576K)
 Metaspace       used 174360K, committed 175616K, reserved 1245184K
  class space    used 24110K, committed 24704K, reserved 1048576K
}
Event: 1366.751 GC heap before
{Heap before GC invocations=81 (full 0):
 garbage-first heap   total 435200K, used 189549K [0x0000000080000000, 0x0000000100000000)
  region size 1024K, 25 young (25600K), 24 survivors (24576K)
 Metaspace       used 174360K, committed 175616K, reserved 1245184K
  class space    used 24110K, committed 24704K, reserved 1048576K
}
Event: 1366.891 GC heap after
{Heap after GC invocations=82 (full 0):
 garbage-first heap   total 435200K, used 172164K [0x0000000080000000, 0x0000000100000000)
  region size 1024K, 2 young (2048K), 2 survivors (2048K)
 Metaspace       used 174360K, committed 175616K, reserved 1245184K
  class space    used 24110K, committed 24704K, reserved 1048576K
}
Event: 1366.954 GC heap before
{Heap before GC invocations=82 (full 0):
 garbage-first heap   total 435200K, used 172164K [0x0000000080000000, 0x0000000100000000)
  region size 1024K, 4 young (4096K), 2 survivors (2048K)
 Metaspace       used 174360K, committed 175616K, reserved 1245184K
  class space    used 24110K, committed 24704K, reserved 1048576K
}
Event: 1367.016 GC heap after
{Heap after GC invocations=83 (full 0):
 garbage-first heap   total 435200K, used 171483K [0x0000000080000000, 0x0000000100000000)
  region size 1024K, 1 young (1024K), 1 survivors (1024K)
 Metaspace       used 174360K, committed 175616K, reserved 1245184K
  class space    used 24110K, committed 24704K, reserved 1048576K
}
Event: 1583.737 GC heap before
{Heap before GC invocations=84 (full 0):
 garbage-first heap   total 435200K, used 416219K [0x0000000080000000, 0x0000000100000000)
  region size 1024K, 182 young (186368K), 1 survivors (1024K)
 Metaspace       used 174958K, committed 176256K, reserved 1245184K
  class space    used 24131K, committed 24768K, reserved 1048576K
}
Event: 1583.831 GC heap after
{Heap after GC invocations=85 (full 0):
 garbage-first heap   total 435200K, used 208330K [0x0000000080000000, 0x0000000100000000)
  region size 1024K, 13 young (13312K), 13 survivors (13312K)
 Metaspace       used 174958K, committed 176256K, reserved 1245184K
  class space    used 24131K, committed 24768K, reserved 1048576K
}
Event: 1584.887 GC heap before
{Heap before GC invocations=85 (full 0):
 garbage-first heap   total 435200K, used 227786K [0x0000000080000000, 0x0000000100000000)
  region size 1024K, 21 young (21504K), 13 survivors (13312K)
 Metaspace       used 174969K, committed 176256K, reserved 1245184K
  class space    used 24131K, committed 24768K, reserved 1048576K
}
Event: 1585.085 GC heap after
{Heap after GC invocations=86 (full 0):
 garbage-first heap   total 435200K, used 170712K [0x0000000080000000, 0x0000000100000000)
  region size 1024K, 2 young (2048K), 2 survivors (2048K)
 Metaspace       used 174969K, committed 176256K, reserved 1245184K
  class space    used 24131K, committed 24768K, reserved 1048576K
}
Event: 1637.140 GC heap before
{Heap before GC invocations=86 (full 0):
 garbage-first heap   total 435200K, used 190168K [0x0000000080000000, 0x0000000100000000)
  region size 1024K, 21 young (21504K), 2 survivors (2048K)
 Metaspace       used 175012K, committed 176320K, reserved 1245184K
  class space    used 24131K, committed 24768K, reserved 1048576K
}

