# JRE version: OpenJDK Runtime Environment (17.0.10) (build 17.0.10+0--11609105)
# Java VM: OpenJDK 64-Bit Server VM (17.0.10+0--11609105, mixed mode, tiered, compressed oops, compressed class ptrs, g1 gc, windows-amd64)
GC Precious Log:
 CPUs: 8 total, 8 available
 Memory: 8062M
 Large Page Support: Disabled
 NUMA Support: Disabled
 Compressed Oops: Enabled (32-bit)
 Heap Region Size: 1M
 Heap Min Capacity: 8M
 Heap Initial Capacity: 126M
 Heap Max Capacity: 2G
 Pre-touch: Disabled
 Parallel Workers: 8
 Concurrent Workers: 2
 Concurrent Refinement Workers: 8
 Periodic GC: Disabled
Heap:
 garbage-first heap   total 107520K, used 64430K [0x0000000080000000, 0x0000000100000000)
  region size 1024K, 1 young (1024K), 1 survivors (1024K)
 Metaspace       used 60372K, committed 60992K, reserved 1114112K
  class space    used 8264K, committed 8576K, reserved 1048576K
GC Heap History (20 events):
Event: 19.442 GC heap after
{Heap after GC invocations=19 (full 0):
 garbage-first heap   total 68608K, used 35751K [0x0000000080000000, 0x0000000100000000)
  region size 1024K, 2 young (2048K), 2 survivors (2048K)
 Metaspace       used 55230K, committed 55808K, reserved 1114112K
  class space    used 7616K, committed 7872K, reserved 1048576K
}
Event: 22.084 GC heap before
{Heap before GC invocations=19 (full 0):
 garbage-first heap   total 68608K, used 55207K [0x0000000080000000, 0x0000000100000000)
  region size 1024K, 22 young (22528K), 2 survivors (2048K)
 Metaspace       used 56241K, committed 56832K, reserved 1114112K
  class space    used 7719K, committed 8000K, reserved 1048576K
}
Event: 22.092 GC heap after
{Heap after GC invocations=20 (full 0):
 garbage-first heap   total 68608K, used 38568K [0x0000000080000000, 0x0000000100000000)
  region size 1024K, 3 young (3072K), 3 survivors (3072K)
 Metaspace       used 56241K, committed 56832K, reserved 1114112K
  class space    used 7719K, committed 8000K, reserved 1048576K
}
Event: 22.612 GC heap before
{Heap before GC invocations=21 (full 0):
 garbage-first heap   total 70656K, used 54952K [0x0000000080000000, 0x0000000100000000)
  region size 1024K, 20 young (20480K), 3 survivors (3072K)
 Metaspace       used 56516K, committed 57088K, reserved 1114112K
  class space    used 7739K, committed 8000K, reserved 1048576K
}
Event: 22.621 GC heap after
{Heap after GC invocations=22 (full 0):
 garbage-first heap   total 70656K, used 41453K [0x0000000080000000, 0x0000000100000000)
  region size 1024K, 3 young (3072K), 3 survivors (3072K)
 Metaspace       used 56516K, committed 57088K, reserved 1114112K
  class space    used 7739K, committed 8000K, reserved 1048576K
}
Event: 23.107 GC heap before
{Heap before GC invocations=22 (full 0):
 garbage-first heap   total 70656K, used 55789K [0x0000000080000000, 0x0000000100000000)
  region size 1024K, 18 young (18432K), 3 survivors (3072K)
 Metaspace       used 56850K, committed 57472K, reserved 1114112K
  class space    used 7774K, committed 8064K, reserved 1048576K
}
Event: 23.112 GC heap after
{Heap after GC invocations=23 (full 0):
 garbage-first heap   total 70656K, used 42476K [0x0000000080000000, 0x0000000100000000)
  region size 1024K, 3 young (3072K), 3 survivors (3072K)
 Metaspace       used 56850K, committed 57472K, reserved 1114112K
  class space    used 7774K, committed 8064K, reserved 1048576K
}
Event: 24.434 GC heap before
{Heap before GC invocations=24 (full 0):
 garbage-first heap   total 73728K, used 66028K [0x0000000080000000, 0x0000000100000000)
  region size 1024K, 16 young (16384K), 3 survivors (3072K)
 Metaspace       used 57277K, committed 57856K, reserved 1114112K
  class space    used 7846K, committed 8128K, reserved 1048576K
}
Event: 24.444 GC heap after
{Heap after GC invocations=25 (full 0):
 garbage-first heap   total 76800K, used 60254K [0x0000000080000000, 0x0000000100000000)
  region size 1024K, 3 young (3072K), 3 survivors (3072K)
 Metaspace       used 57277K, committed 57856K, reserved 1114112K
  class space    used 7846K, committed 8128K, reserved 1048576K
}
Event: 24.497 GC heap before
{Heap before GC invocations=25 (full 0):
 garbage-first heap   total 76800K, used 61278K [0x0000000080000000, 0x0000000100000000)
  region size 1024K, 4 young (4096K), 3 survivors (3072K)
 Metaspace       used 57277K, committed 57856K, reserved 1114112K
  class space    used 7846K, committed 8128K, reserved 1048576K
}
Event: 24.500 GC heap after
{Heap after GC invocations=26 (full 0):
 garbage-first heap   total 76800K, used 60427K [0x0000000080000000, 0x0000000100000000)
  region size 1024K, 1 young (1024K), 1 survivors (1024K)
 Metaspace       used 57277K, committed 57856K, reserved 1114112K
  class space    used 7846K, committed 8128K, reserved 1048576K
}
Event: 24.619 GC heap before
{Heap before GC invocations=26 (full 0):
 garbage-first heap   total 76800K, used 62475K [0x0000000080000000, 0x0000000100000000)
  region size 1024K, 3 young (3072K), 1 survivors (1024K)
 Metaspace       used 57337K, committed 57920K, reserved 1114112K
  class space    used 7853K, committed 8128K, reserved 1048576K
}
Event: 24.622 GC heap after
{Heap after GC invocations=27 (full 0):
 garbage-first heap   total 76800K, used 62402K [0x0000000080000000, 0x0000000100000000)
  region size 1024K, 1 young (1024K), 1 survivors (1024K)
 Metaspace       used 57337K, committed 57920K, reserved 1114112K
  class space    used 7853K, committed 8128K, reserved 1048576K
}
Event: 24.698 GC heap before
{Heap before GC invocations=27 (full 0):
 garbage-first heap   total 107520K, used 64450K [0x0000000080000000, 0x0000000100000000)
  region size 1024K, 3 young (3072K), 1 survivors (1024K)
 Metaspace       used 57469K, committed 58048K, reserved 1114112K
  class space    used 7882K, committed 8128K, reserved 1048576K
}
Event: 24.700 GC heap after
{Heap after GC invocations=28 (full 0):
 garbage-first heap   total 107520K, used 62702K [0x0000000080000000, 0x0000000100000000)
  region size 1024K, 1 young (1024K), 1 survivors (1024K)
 Metaspace       used 57469K, committed 58048K, reserved 1114112K
  class space    used 7882K, committed 8128K, reserved 1048576K
}
Event: 26.113 GC heap before
{Heap before GC invocations=29 (full 0):
 garbage-first heap   total 107520K, used 79086K [0x0000000080000000, 0x0000000100000000)
  region size 1024K, 17 young (17408K), 1 survivors (1024K)
 Metaspace       used 58686K, committed 59328K, reserved 1114112K
  class space    used 8030K, committed 8320K, reserved 1048576K
}
Event: 26.116 GC heap after
{Heap after GC invocations=30 (full 0):
 garbage-first heap   total 107520K, used 64609K [0x0000000080000000, 0x0000000100000000)
  region size 1024K, 2 young (2048K), 2 survivors (2048K)
 Metaspace       used 58686K, committed 59328K, reserved 1114112K
  class space    used 8030K, committed 8320K, reserved 1048576K
}
Event: 26.291 GC heap before
{Heap before GC invocations=30 (full 0):
 garbage-first heap   total 107520K, used 67681K [0x0000000080000000, 0x0000000100000000)
  region size 1024K, 5 young (5120K), 2 survivors (2048K)
 Metaspace       used 58883K, committed 59456K, reserved 1114112K
  class space    used 8061K, committed 8320K, reserved 1048576K
}
Event: 26.294 GC heap after
{Heap after GC invocations=31 (full 0):
 garbage-first heap   total 107520K, used 64017K [0x0000000080000000, 0x0000000100000000)
  region size 1024K, 1 young (1024K), 1 survivors (1024K)
 Metaspace       used 58883K, committed 59456K, reserved 1114112K
  class space    used 8061K, committed 8320K, reserved 1048576K
}
Event: 27.190 GC heap before
{Heap before GC invocations=31 (full 0):
 garbage-first heap   total 107520K, used 81425K [0x0000000080000000, 0x0000000100000000)
  region size 1024K, 18 young (18432K), 1 survivors (1024K)
 Metaspace       used 60372K, committed 60992K, reserved 1114112K
  class space    used 8264K, committed 8576K, reserved 1048576K
}

